[2024-11-21 17:08:21] production.ERROR: rename(D:\giftscenter_azure\bootstrap\cache\pacDE8A.tmp,D:\giftscenter_azure\bootstrap\cache/packages.php): Access is denied (code: 5) {"exception":"[object] (ErrorException(code: 0): rename(D:\\giftscenter_azure\\bootstrap\\cache\\pacDE8A.tmp,D:\\giftscenter_azure\\bootstrap\\cache/packages.php): Access is denied (code: 5) at D:\\giftscenter_azure\\vendor\\laravel\\framework\\src\\Illuminate\\Filesystem\\Filesystem.php:211)
[stacktrace]
#0 [internal function]: Illuminate\\Foundation\\Bootstrap\\HandleExceptions->handleError(2, 'rename(D:\\\\gifts...', 'D:\\\\giftscenter_...', 211)
#1 D:\\giftscenter_azure\\vendor\\laravel\\framework\\src\\Illuminate\\Filesystem\\Filesystem.php(211): rename('D:\\\\giftscenter_...', 'D:\\\\giftscenter_...')
#2 D:\\giftscenter_azure\\vendor\\laravel\\framework\\src\\Illuminate\\Foundation\\PackageManifest.php(180): Illuminate\\Filesystem\\Filesystem->replace('D:\\\\giftscenter_...', '<?php return ar...')
#3 D:\\giftscenter_azure\\vendor\\laravel\\framework\\src\\Illuminate\\Foundation\\PackageManifest.php(130): Illuminate\\Foundation\\PackageManifest->write(Array)
#4 D:\\giftscenter_azure\\vendor\\laravel\\framework\\src\\Illuminate\\Foundation\\PackageManifest.php(106): Illuminate\\Foundation\\PackageManifest->build()
#5 D:\\giftscenter_azure\\vendor\\laravel\\framework\\src\\Illuminate\\Foundation\\PackageManifest.php(89): Illuminate\\Foundation\\PackageManifest->getManifest()
#6 D:\\giftscenter_azure\\vendor\\laravel\\framework\\src\\Illuminate\\Foundation\\PackageManifest.php(78): Illuminate\\Foundation\\PackageManifest->config('aliases')
#7 D:\\giftscenter_azure\\vendor\\laravel\\framework\\src\\Illuminate\\Foundation\\Bootstrap\\RegisterFacades.php(26): Illuminate\\Foundation\\PackageManifest->aliases()
#8 D:\\giftscenter_azure\\vendor\\laravel\\framework\\src\\Illuminate\\Foundation\\Application.php(237): Illuminate\\Foundation\\Bootstrap\\RegisterFacades->bootstrap(Object(Illuminate\\Foundation\\Application))
#9 D:\\giftscenter_azure\\vendor\\laravel\\framework\\src\\Illuminate\\Foundation\\Console\\Kernel.php(310): Illuminate\\Foundation\\Application->bootstrapWith(Array)
#10 D:\\giftscenter_azure\\vendor\\laravel\\framework\\src\\Illuminate\\Foundation\\Console\\Kernel.php(127): Illuminate\\Foundation\\Console\\Kernel->bootstrap()
#11 D:\\giftscenter_azure\\artisan(35): Illuminate\\Foundation\\Console\\Kernel->handle(Object(Symfony\\Component\\Console\\Input\\ArgvInput), Object(Symfony\\Component\\Console\\Output\\ConsoleOutput))
#12 {main}
"} 
[2024-11-21 17:08:21] production.ERROR: rename(D:\giftscenter_azure\bootstrap\cache\pacDEBA.tmp,D:\giftscenter_azure\bootstrap\cache/packages.php): Access is denied (code: 5) {"exception":"[object] (ErrorException(code: 0): rename(D:\\giftscenter_azure\\bootstrap\\cache\\pacDEBA.tmp,D:\\giftscenter_azure\\bootstrap\\cache/packages.php): Access is denied (code: 5) at D:\\giftscenter_azure\\vendor\\laravel\\framework\\src\\Illuminate\\Filesystem\\Filesystem.php:211)
[stacktrace]
#0 [internal function]: Illuminate\\Foundation\\Bootstrap\\HandleExceptions->handleError(2, 'rename(D:\\\\gifts...', 'D:\\\\giftscenter_...', 211)
#1 D:\\giftscenter_azure\\vendor\\laravel\\framework\\src\\Illuminate\\Filesystem\\Filesystem.php(211): rename('D:\\\\giftscenter_...', 'D:\\\\giftscenter_...')
#2 D:\\giftscenter_azure\\vendor\\laravel\\framework\\src\\Illuminate\\Foundation\\PackageManifest.php(180): Illuminate\\Filesystem\\Filesystem->replace('D:\\\\giftscenter_...', '<?php return ar...')
#3 D:\\giftscenter_azure\\vendor\\laravel\\framework\\src\\Illuminate\\Foundation\\PackageManifest.php(130): Illuminate\\Foundation\\PackageManifest->write(Array)
#4 D:\\giftscenter_azure\\vendor\\laravel\\framework\\src\\Illuminate\\Foundation\\PackageManifest.php(106): Illuminate\\Foundation\\PackageManifest->build()
#5 D:\\giftscenter_azure\\vendor\\laravel\\framework\\src\\Illuminate\\Foundation\\PackageManifest.php(89): Illuminate\\Foundation\\PackageManifest->getManifest()
#6 D:\\giftscenter_azure\\vendor\\laravel\\framework\\src\\Illuminate\\Foundation\\PackageManifest.php(78): Illuminate\\Foundation\\PackageManifest->config('aliases')
#7 D:\\giftscenter_azure\\vendor\\laravel\\framework\\src\\Illuminate\\Foundation\\Bootstrap\\RegisterFacades.php(26): Illuminate\\Foundation\\PackageManifest->aliases()
#8 D:\\giftscenter_azure\\vendor\\laravel\\framework\\src\\Illuminate\\Foundation\\Application.php(237): Illuminate\\Foundation\\Bootstrap\\RegisterFacades->bootstrap(Object(Illuminate\\Foundation\\Application))
#9 D:\\giftscenter_azure\\vendor\\laravel\\framework\\src\\Illuminate\\Foundation\\Console\\Kernel.php(310): Illuminate\\Foundation\\Application->bootstrapWith(Array)
#10 D:\\giftscenter_azure\\vendor\\laravel\\framework\\src\\Illuminate\\Foundation\\Console\\Kernel.php(127): Illuminate\\Foundation\\Console\\Kernel->bootstrap()
#11 D:\\giftscenter_azure\\artisan(35): Illuminate\\Foundation\\Console\\Kernel->handle(Object(Symfony\\Component\\Console\\Input\\ArgvInput), Object(Symfony\\Component\\Console\\Output\\ConsoleOutput))
#12 {main}
"} 
[2024-11-21 17:08:21] production.ERROR: rename(D:\giftscenter_azure\bootstrap\cache\pacDEB9.tmp,D:\giftscenter_azure\bootstrap\cache/packages.php): Access is denied (code: 5) {"exception":"[object] (ErrorException(code: 0): rename(D:\\giftscenter_azure\\bootstrap\\cache\\pacDEB9.tmp,D:\\giftscenter_azure\\bootstrap\\cache/packages.php): Access is denied (code: 5) at D:\\giftscenter_azure\\vendor\\laravel\\framework\\src\\Illuminate\\Filesystem\\Filesystem.php:211)
[stacktrace]
#0 [internal function]: Illuminate\\Foundation\\Bootstrap\\HandleExceptions->handleError(2, 'rename(D:\\\\gifts...', 'D:\\\\giftscenter_...', 211)
#1 D:\\giftscenter_azure\\vendor\\laravel\\framework\\src\\Illuminate\\Filesystem\\Filesystem.php(211): rename('D:\\\\giftscenter_...', 'D:\\\\giftscenter_...')
#2 D:\\giftscenter_azure\\vendor\\laravel\\framework\\src\\Illuminate\\Foundation\\PackageManifest.php(180): Illuminate\\Filesystem\\Filesystem->replace('D:\\\\giftscenter_...', '<?php return ar...')
#3 D:\\giftscenter_azure\\vendor\\laravel\\framework\\src\\Illuminate\\Foundation\\PackageManifest.php(130): Illuminate\\Foundation\\PackageManifest->write(Array)
#4 D:\\giftscenter_azure\\vendor\\laravel\\framework\\src\\Illuminate\\Foundation\\PackageManifest.php(106): Illuminate\\Foundation\\PackageManifest->build()
#5 D:\\giftscenter_azure\\vendor\\laravel\\framework\\src\\Illuminate\\Foundation\\PackageManifest.php(89): Illuminate\\Foundation\\PackageManifest->getManifest()
#6 D:\\giftscenter_azure\\vendor\\laravel\\framework\\src\\Illuminate\\Foundation\\PackageManifest.php(78): Illuminate\\Foundation\\PackageManifest->config('aliases')
#7 D:\\giftscenter_azure\\vendor\\laravel\\framework\\src\\Illuminate\\Foundation\\Bootstrap\\RegisterFacades.php(26): Illuminate\\Foundation\\PackageManifest->aliases()
#8 D:\\giftscenter_azure\\vendor\\laravel\\framework\\src\\Illuminate\\Foundation\\Application.php(237): Illuminate\\Foundation\\Bootstrap\\RegisterFacades->bootstrap(Object(Illuminate\\Foundation\\Application))
#9 D:\\giftscenter_azure\\vendor\\laravel\\framework\\src\\Illuminate\\Foundation\\Console\\Kernel.php(310): Illuminate\\Foundation\\Application->bootstrapWith(Array)
#10 D:\\giftscenter_azure\\vendor\\laravel\\framework\\src\\Illuminate\\Foundation\\Console\\Kernel.php(127): Illuminate\\Foundation\\Console\\Kernel->bootstrap()
#11 D:\\giftscenter_azure\\artisan(35): Illuminate\\Foundation\\Console\\Kernel->handle(Object(Symfony\\Component\\Console\\Input\\ArgvInput), Object(Symfony\\Component\\Console\\Output\\ConsoleOutput))
#12 {main}
"} 
